<?xml version="1.0" encoding="UTF-8"?>
<testsuite xmlns:xsi="http://www.w3.org/2001/XMLSchema-instance" xsi:noNamespaceSchemaLocation="https://maven.apache.org/surefire/maven-surefire-plugin/xsd/surefire-test-report.xsd" name="com.vps.demo.DemoApplicationTests" time="2.778" tests="1" errors="0" skipped="0" failures="0">
  <properties>
    <property name="gopherProxySet" value="false"/>
    <property name="awt.toolkit" value="sun.lwawt.macosx.LWCToolkit"/>
    <property name="java.specification.version" value="11"/>
    <property name="sun.cpu.isalist" value=""/>
    <property name="sun.jnu.encoding" value="UTF-8"/>
    <property name="java.class.path" value="/Users/chenxii/Documents/Java/springboot-demo/target/test-classes:/Users/chenxii/Documents/Java/springboot-demo/target/classes:/opt/maven/maven-3.8.1/repository/springboot-demo-repo/org/springframework/boot/spring-boot-starter-web/2.4.4/spring-boot-starter-web-2.4.4.jar:/opt/maven/maven-3.8.1/repository/springboot-demo-repo/org/springframework/boot/spring-boot-starter/2.4.4/spring-boot-starter-2.4.4.jar:/opt/maven/maven-3.8.1/repository/springboot-demo-repo/org/springframework/boot/spring-boot/2.4.4/spring-boot-2.4.4.jar:/opt/maven/maven-3.8.1/repository/springboot-demo-repo/org/springframework/boot/spring-boot-autoconfigure/2.4.4/spring-boot-autoconfigure-2.4.4.jar:/opt/maven/maven-3.8.1/repository/springboot-demo-repo/org/springframework/boot/spring-boot-starter-logging/2.4.4/spring-boot-starter-logging-2.4.4.jar:/opt/maven/maven-3.8.1/repository/springboot-demo-repo/org/apache/logging/log4j/log4j-to-slf4j/2.13.3/log4j-to-slf4j-2.13.3.jar:/opt/maven/maven-3.8.1/repository/springboot-demo-repo/org/apache/logging/log4j/log4j-api/2.13.3/log4j-api-2.13.3.jar:/opt/maven/maven-3.8.1/repository/springboot-demo-repo/org/slf4j/jul-to-slf4j/1.7.30/jul-to-slf4j-1.7.30.jar:/opt/maven/maven-3.8.1/repository/springboot-demo-repo/jakarta/annotation/jakarta.annotation-api/1.3.5/jakarta.annotation-api-1.3.5.jar:/opt/maven/maven-3.8.1/repository/springboot-demo-repo/org/yaml/snakeyaml/1.27/snakeyaml-1.27.jar:/opt/maven/maven-3.8.1/repository/springboot-demo-repo/org/springframework/boot/spring-boot-starter-json/2.4.4/spring-boot-starter-json-2.4.4.jar:/opt/maven/maven-3.8.1/repository/springboot-demo-repo/com/fasterxml/jackson/core/jackson-databind/2.11.4/jackson-databind-2.11.4.jar:/opt/maven/maven-3.8.1/repository/springboot-demo-repo/com/fasterxml/jackson/core/jackson-annotations/2.11.4/jackson-annotations-2.11.4.jar:/opt/maven/maven-3.8.1/repository/springboot-demo-repo/com/fasterxml/jackson/core/jackson-core/2.11.4/jackson-core-2.11.4.jar:/opt/maven/maven-3.8.1/repository/springboot-demo-repo/com/fasterxml/jackson/datatype/jackson-datatype-jdk8/2.11.4/jackson-datatype-jdk8-2.11.4.jar:/opt/maven/maven-3.8.1/repository/springboot-demo-repo/com/fasterxml/jackson/datatype/jackson-datatype-jsr310/2.11.4/jackson-datatype-jsr310-2.11.4.jar:/opt/maven/maven-3.8.1/repository/springboot-demo-repo/com/fasterxml/jackson/module/jackson-module-parameter-names/2.11.4/jackson-module-parameter-names-2.11.4.jar:/opt/maven/maven-3.8.1/repository/springboot-demo-repo/org/springframework/boot/spring-boot-starter-tomcat/2.4.4/spring-boot-starter-tomcat-2.4.4.jar:/opt/maven/maven-3.8.1/repository/springboot-demo-repo/org/apache/tomcat/embed/tomcat-embed-core/9.0.44/tomcat-embed-core-9.0.44.jar:/opt/maven/maven-3.8.1/repository/springboot-demo-repo/org/glassfish/jakarta.el/3.0.3/jakarta.el-3.0.3.jar:/opt/maven/maven-3.8.1/repository/springboot-demo-repo/org/apache/tomcat/embed/tomcat-embed-websocket/9.0.44/tomcat-embed-websocket-9.0.44.jar:/opt/maven/maven-3.8.1/repository/springboot-demo-repo/org/springframework/spring-web/5.3.5/spring-web-5.3.5.jar:/opt/maven/maven-3.8.1/repository/springboot-demo-repo/org/springframework/spring-beans/5.3.5/spring-beans-5.3.5.jar:/opt/maven/maven-3.8.1/repository/springboot-demo-repo/org/springframework/spring-webmvc/5.3.5/spring-webmvc-5.3.5.jar:/opt/maven/maven-3.8.1/repository/springboot-demo-repo/org/springframework/spring-aop/5.3.5/spring-aop-5.3.5.jar:/opt/maven/maven-3.8.1/repository/springboot-demo-repo/org/springframework/spring-context/5.3.5/spring-context-5.3.5.jar:/opt/maven/maven-3.8.1/repository/springboot-demo-repo/org/springframework/spring-expression/5.3.5/spring-expression-5.3.5.jar:/opt/maven/maven-3.8.1/repository/springboot-demo-repo/org/springframework/boot/spring-boot-starter-test/2.4.4/spring-boot-starter-test-2.4.4.jar:/opt/maven/maven-3.8.1/repository/springboot-demo-repo/org/springframework/boot/spring-boot-test/2.4.4/spring-boot-test-2.4.4.jar:/opt/maven/maven-3.8.1/repository/springboot-demo-repo/org/springframework/boot/spring-boot-test-autoconfigure/2.4.4/spring-boot-test-autoconfigure-2.4.4.jar:/opt/maven/maven-3.8.1/repository/springboot-demo-repo/com/jayway/jsonpath/json-path/2.4.0/json-path-2.4.0.jar:/opt/maven/maven-3.8.1/repository/springboot-demo-repo/net/minidev/json-smart/2.3/json-smart-2.3.jar:/opt/maven/maven-3.8.1/repository/springboot-demo-repo/net/minidev/accessors-smart/1.2/accessors-smart-1.2.jar:/opt/maven/maven-3.8.1/repository/springboot-demo-repo/org/ow2/asm/asm/5.0.4/asm-5.0.4.jar:/opt/maven/maven-3.8.1/repository/springboot-demo-repo/jakarta/xml/bind/jakarta.xml.bind-api/2.3.3/jakarta.xml.bind-api-2.3.3.jar:/opt/maven/maven-3.8.1/repository/springboot-demo-repo/jakarta/activation/jakarta.activation-api/1.2.2/jakarta.activation-api-1.2.2.jar:/opt/maven/maven-3.8.1/repository/springboot-demo-repo/org/assertj/assertj-core/3.18.1/assertj-core-3.18.1.jar:/opt/maven/maven-3.8.1/repository/springboot-demo-repo/org/hamcrest/hamcrest/2.2/hamcrest-2.2.jar:/opt/maven/maven-3.8.1/repository/springboot-demo-repo/org/junit/jupiter/junit-jupiter/5.7.1/junit-jupiter-5.7.1.jar:/opt/maven/maven-3.8.1/repository/springboot-demo-repo/org/junit/jupiter/junit-jupiter-api/5.7.1/junit-jupiter-api-5.7.1.jar:/opt/maven/maven-3.8.1/repository/springboot-demo-repo/org/apiguardian/apiguardian-api/1.1.0/apiguardian-api-1.1.0.jar:/opt/maven/maven-3.8.1/repository/springboot-demo-repo/org/opentest4j/opentest4j/1.2.0/opentest4j-1.2.0.jar:/opt/maven/maven-3.8.1/repository/springboot-demo-repo/org/junit/platform/junit-platform-commons/1.7.1/junit-platform-commons-1.7.1.jar:/opt/maven/maven-3.8.1/repository/springboot-demo-repo/org/junit/jupiter/junit-jupiter-params/5.7.1/junit-jupiter-params-5.7.1.jar:/opt/maven/maven-3.8.1/repository/springboot-demo-repo/org/junit/jupiter/junit-jupiter-engine/5.7.1/junit-jupiter-engine-5.7.1.jar:/opt/maven/maven-3.8.1/repository/springboot-demo-repo/org/junit/platform/junit-platform-engine/1.7.1/junit-platform-engine-1.7.1.jar:/opt/maven/maven-3.8.1/repository/springboot-demo-repo/org/mockito/mockito-core/3.6.28/mockito-core-3.6.28.jar:/opt/maven/maven-3.8.1/repository/springboot-demo-repo/net/bytebuddy/byte-buddy/1.10.22/byte-buddy-1.10.22.jar:/opt/maven/maven-3.8.1/repository/springboot-demo-repo/net/bytebuddy/byte-buddy-agent/1.10.22/byte-buddy-agent-1.10.22.jar:/opt/maven/maven-3.8.1/repository/springboot-demo-repo/org/objenesis/objenesis/3.1/objenesis-3.1.jar:/opt/maven/maven-3.8.1/repository/springboot-demo-repo/org/mockito/mockito-junit-jupiter/3.6.28/mockito-junit-jupiter-3.6.28.jar:/opt/maven/maven-3.8.1/repository/springboot-demo-repo/org/skyscreamer/jsonassert/1.5.0/jsonassert-1.5.0.jar:/opt/maven/maven-3.8.1/repository/springboot-demo-repo/com/vaadin/external/google/android-json/0.0.20131108.vaadin1/android-json-0.0.20131108.vaadin1.jar:/opt/maven/maven-3.8.1/repository/springboot-demo-repo/org/springframework/spring-core/5.3.5/spring-core-5.3.5.jar:/opt/maven/maven-3.8.1/repository/springboot-demo-repo/org/springframework/spring-jcl/5.3.5/spring-jcl-5.3.5.jar:/opt/maven/maven-3.8.1/repository/springboot-demo-repo/org/springframework/spring-test/5.3.5/spring-test-5.3.5.jar:/opt/maven/maven-3.8.1/repository/springboot-demo-repo/org/xmlunit/xmlunit-core/2.7.0/xmlunit-core-2.7.0.jar:/opt/maven/maven-3.8.1/repository/springboot-demo-repo/org/projectlombok/lombok/1.18.18/lombok-1.18.18.jar:/opt/maven/maven-3.8.1/repository/springboot-demo-repo/org/apache/rocketmq/rocketmq-tools/4.3.0/rocketmq-tools-4.3.0.jar:/opt/maven/maven-3.8.1/repository/springboot-demo-repo/org/apache/rocketmq/rocketmq-client/4.3.0/rocketmq-client-4.3.0.jar:/opt/maven/maven-3.8.1/repository/springboot-demo-repo/org/apache/rocketmq/rocketmq-store/4.3.0/rocketmq-store-4.3.0.jar:/opt/maven/maven-3.8.1/repository/springboot-demo-repo/net/java/dev/jna/jna/4.2.2/jna-4.2.2.jar:/opt/maven/maven-3.8.1/repository/springboot-demo-repo/org/apache/rocketmq/rocketmq-srvutil/4.3.0/rocketmq-srvutil-4.3.0.jar:/opt/maven/maven-3.8.1/repository/springboot-demo-repo/commons-cli/commons-cli/1.2/commons-cli-1.2.jar:/opt/maven/maven-3.8.1/repository/springboot-demo-repo/com/google/guava/guava/19.0/guava-19.0.jar:/opt/maven/maven-3.8.1/repository/springboot-demo-repo/com/alibaba/fastjson/1.2.29/fastjson-1.2.29.jar:/opt/maven/maven-3.8.1/repository/springboot-demo-repo/ch/qos/logback/logback-classic/1.2.3/logback-classic-1.2.3.jar:/opt/maven/maven-3.8.1/repository/springboot-demo-repo/ch/qos/logback/logback-core/1.2.3/logback-core-1.2.3.jar:/opt/maven/maven-3.8.1/repository/springboot-demo-repo/org/apache/commons/commons-lang3/3.11/commons-lang3-3.11.jar:/opt/maven/maven-3.8.1/repository/springboot-demo-repo/org/apache/rocketmq/rocketmq-namesrv/4.3.0/rocketmq-namesrv-4.3.0.jar:/opt/maven/maven-3.8.1/repository/springboot-demo-repo/org/slf4j/slf4j-api/1.7.30/slf4j-api-1.7.30.jar:/opt/maven/maven-3.8.1/repository/springboot-demo-repo/org/apache/rocketmq/rocketmq-broker/4.3.0/rocketmq-broker-4.3.0.jar:/opt/maven/maven-3.8.1/repository/springboot-demo-repo/org/apache/rocketmq/rocketmq-common/4.3.0/rocketmq-common-4.3.0.jar:/opt/maven/maven-3.8.1/repository/springboot-demo-repo/org/apache/rocketmq/rocketmq-remoting/4.3.0/rocketmq-remoting-4.3.0.jar:/opt/maven/maven-3.8.1/repository/springboot-demo-repo/io/netty/netty-all/4.1.60.Final/netty-all-4.1.60.Final.jar:/opt/maven/maven-3.8.1/repository/springboot-demo-repo/org/apache/rocketmq/rocketmq-logging/4.3.0/rocketmq-logging-4.3.0.jar:/opt/maven/maven-3.8.1/repository/springboot-demo-repo/io/netty/netty-tcnative-boringssl-static/2.0.36.Final/netty-tcnative-boringssl-static-2.0.36.Final.jar:/opt/maven/maven-3.8.1/repository/springboot-demo-repo/org/apache/rocketmq/rocketmq-filter/4.3.0/rocketmq-filter-4.3.0.jar:/opt/maven/maven-3.8.1/repository/springboot-demo-repo/org/javassist/javassist/3.20.0-GA/javassist-3.20.0-GA.jar:"/>
    <property name="java.vm.vendor" value="Oracle Corporation"/>
    <property name="sun.arch.data.model" value="64"/>
    <property name="java.vendor.url" value="https://openjdk.java.net/"/>
    <property name="user.timezone" value=""/>
    <property name="java.vm.specification.version" value="11"/>
    <property name="os.name" value="Mac OS X"/>
    <property name="sun.java.launcher" value="SUN_STANDARD"/>
    <property name="user.country" value="CN"/>
    <property name="sun.boot.library.path" value="/opt/java/jdk-11.0.11/Contents/Home/lib"/>
    <property name="sun.java.command" value="/Users/chenxii/Documents/Java/springboot-demo/target/surefire/surefirebooter5112657178544780214.jar /Users/chenxii/Documents/Java/springboot-demo/target/surefire 2021-06-14T15-51-35_280-jvmRun1 surefire3667052433972986707tmp surefire_018189841405164214996tmp"/>
    <property name="jdk.debug" value="release"/>
    <property name="surefire.test.class.path" value="/Users/chenxii/Documents/Java/springboot-demo/target/test-classes:/Users/chenxii/Documents/Java/springboot-demo/target/classes:/opt/maven/maven-3.8.1/repository/springboot-demo-repo/org/springframework/boot/spring-boot-starter-web/2.4.4/spring-boot-starter-web-2.4.4.jar:/opt/maven/maven-3.8.1/repository/springboot-demo-repo/org/springframework/boot/spring-boot-starter/2.4.4/spring-boot-starter-2.4.4.jar:/opt/maven/maven-3.8.1/repository/springboot-demo-repo/org/springframework/boot/spring-boot/2.4.4/spring-boot-2.4.4.jar:/opt/maven/maven-3.8.1/repository/springboot-demo-repo/org/springframework/boot/spring-boot-autoconfigure/2.4.4/spring-boot-autoconfigure-2.4.4.jar:/opt/maven/maven-3.8.1/repository/springboot-demo-repo/org/springframework/boot/spring-boot-starter-logging/2.4.4/spring-boot-starter-logging-2.4.4.jar:/opt/maven/maven-3.8.1/repository/springboot-demo-repo/org/apache/logging/log4j/log4j-to-slf4j/2.13.3/log4j-to-slf4j-2.13.3.jar:/opt/maven/maven-3.8.1/repository/springboot-demo-repo/org/apache/logging/log4j/log4j-api/2.13.3/log4j-api-2.13.3.jar:/opt/maven/maven-3.8.1/repository/springboot-demo-repo/org/slf4j/jul-to-slf4j/1.7.30/jul-to-slf4j-1.7.30.jar:/opt/maven/maven-3.8.1/repository/springboot-demo-repo/jakarta/annotation/jakarta.annotation-api/1.3.5/jakarta.annotation-api-1.3.5.jar:/opt/maven/maven-3.8.1/repository/springboot-demo-repo/org/yaml/snakeyaml/1.27/snakeyaml-1.27.jar:/opt/maven/maven-3.8.1/repository/springboot-demo-repo/org/springframework/boot/spring-boot-starter-json/2.4.4/spring-boot-starter-json-2.4.4.jar:/opt/maven/maven-3.8.1/repository/springboot-demo-repo/com/fasterxml/jackson/core/jackson-databind/2.11.4/jackson-databind-2.11.4.jar:/opt/maven/maven-3.8.1/repository/springboot-demo-repo/com/fasterxml/jackson/core/jackson-annotations/2.11.4/jackson-annotations-2.11.4.jar:/opt/maven/maven-3.8.1/repository/springboot-demo-repo/com/fasterxml/jackson/core/jackson-core/2.11.4/jackson-core-2.11.4.jar:/opt/maven/maven-3.8.1/repository/springboot-demo-repo/com/fasterxml/jackson/datatype/jackson-datatype-jdk8/2.11.4/jackson-datatype-jdk8-2.11.4.jar:/opt/maven/maven-3.8.1/repository/springboot-demo-repo/com/fasterxml/jackson/datatype/jackson-datatype-jsr310/2.11.4/jackson-datatype-jsr310-2.11.4.jar:/opt/maven/maven-3.8.1/repository/springboot-demo-repo/com/fasterxml/jackson/module/jackson-module-parameter-names/2.11.4/jackson-module-parameter-names-2.11.4.jar:/opt/maven/maven-3.8.1/repository/springboot-demo-repo/org/springframework/boot/spring-boot-starter-tomcat/2.4.4/spring-boot-starter-tomcat-2.4.4.jar:/opt/maven/maven-3.8.1/repository/springboot-demo-repo/org/apache/tomcat/embed/tomcat-embed-core/9.0.44/tomcat-embed-core-9.0.44.jar:/opt/maven/maven-3.8.1/repository/springboot-demo-repo/org/glassfish/jakarta.el/3.0.3/jakarta.el-3.0.3.jar:/opt/maven/maven-3.8.1/repository/springboot-demo-repo/org/apache/tomcat/embed/tomcat-embed-websocket/9.0.44/tomcat-embed-websocket-9.0.44.jar:/opt/maven/maven-3.8.1/repository/springboot-demo-repo/org/springframework/spring-web/5.3.5/spring-web-5.3.5.jar:/opt/maven/maven-3.8.1/repository/springboot-demo-repo/org/springframework/spring-beans/5.3.5/spring-beans-5.3.5.jar:/opt/maven/maven-3.8.1/repository/springboot-demo-repo/org/springframework/spring-webmvc/5.3.5/spring-webmvc-5.3.5.jar:/opt/maven/maven-3.8.1/repository/springboot-demo-repo/org/springframework/spring-aop/5.3.5/spring-aop-5.3.5.jar:/opt/maven/maven-3.8.1/repository/springboot-demo-repo/org/springframework/spring-context/5.3.5/spring-context-5.3.5.jar:/opt/maven/maven-3.8.1/repository/springboot-demo-repo/org/springframework/spring-expression/5.3.5/spring-expression-5.3.5.jar:/opt/maven/maven-3.8.1/repository/springboot-demo-repo/org/springframework/boot/spring-boot-starter-test/2.4.4/spring-boot-starter-test-2.4.4.jar:/opt/maven/maven-3.8.1/repository/springboot-demo-repo/org/springframework/boot/spring-boot-test/2.4.4/spring-boot-test-2.4.4.jar:/opt/maven/maven-3.8.1/repository/springboot-demo-repo/org/springframework/boot/spring-boot-test-autoconfigure/2.4.4/spring-boot-test-autoconfigure-2.4.4.jar:/opt/maven/maven-3.8.1/repository/springboot-demo-repo/com/jayway/jsonpath/json-path/2.4.0/json-path-2.4.0.jar:/opt/maven/maven-3.8.1/repository/springboot-demo-repo/net/minidev/json-smart/2.3/json-smart-2.3.jar:/opt/maven/maven-3.8.1/repository/springboot-demo-repo/net/minidev/accessors-smart/1.2/accessors-smart-1.2.jar:/opt/maven/maven-3.8.1/repository/springboot-demo-repo/org/ow2/asm/asm/5.0.4/asm-5.0.4.jar:/opt/maven/maven-3.8.1/repository/springboot-demo-repo/jakarta/xml/bind/jakarta.xml.bind-api/2.3.3/jakarta.xml.bind-api-2.3.3.jar:/opt/maven/maven-3.8.1/repository/springboot-demo-repo/jakarta/activation/jakarta.activation-api/1.2.2/jakarta.activation-api-1.2.2.jar:/opt/maven/maven-3.8.1/repository/springboot-demo-repo/org/assertj/assertj-core/3.18.1/assertj-core-3.18.1.jar:/opt/maven/maven-3.8.1/repository/springboot-demo-repo/org/hamcrest/hamcrest/2.2/hamcrest-2.2.jar:/opt/maven/maven-3.8.1/repository/springboot-demo-repo/org/junit/jupiter/junit-jupiter/5.7.1/junit-jupiter-5.7.1.jar:/opt/maven/maven-3.8.1/repository/springboot-demo-repo/org/junit/jupiter/junit-jupiter-api/5.7.1/junit-jupiter-api-5.7.1.jar:/opt/maven/maven-3.8.1/repository/springboot-demo-repo/org/apiguardian/apiguardian-api/1.1.0/apiguardian-api-1.1.0.jar:/opt/maven/maven-3.8.1/repository/springboot-demo-repo/org/opentest4j/opentest4j/1.2.0/opentest4j-1.2.0.jar:/opt/maven/maven-3.8.1/repository/springboot-demo-repo/org/junit/platform/junit-platform-commons/1.7.1/junit-platform-commons-1.7.1.jar:/opt/maven/maven-3.8.1/repository/springboot-demo-repo/org/junit/jupiter/junit-jupiter-params/5.7.1/junit-jupiter-params-5.7.1.jar:/opt/maven/maven-3.8.1/repository/springboot-demo-repo/org/junit/jupiter/junit-jupiter-engine/5.7.1/junit-jupiter-engine-5.7.1.jar:/opt/maven/maven-3.8.1/repository/springboot-demo-repo/org/junit/platform/junit-platform-engine/1.7.1/junit-platform-engine-1.7.1.jar:/opt/maven/maven-3.8.1/repository/springboot-demo-repo/org/mockito/mockito-core/3.6.28/mockito-core-3.6.28.jar:/opt/maven/maven-3.8.1/repository/springboot-demo-repo/net/bytebuddy/byte-buddy/1.10.22/byte-buddy-1.10.22.jar:/opt/maven/maven-3.8.1/repository/springboot-demo-repo/net/bytebuddy/byte-buddy-agent/1.10.22/byte-buddy-agent-1.10.22.jar:/opt/maven/maven-3.8.1/repository/springboot-demo-repo/org/objenesis/objenesis/3.1/objenesis-3.1.jar:/opt/maven/maven-3.8.1/repository/springboot-demo-repo/org/mockito/mockito-junit-jupiter/3.6.28/mockito-junit-jupiter-3.6.28.jar:/opt/maven/maven-3.8.1/repository/springboot-demo-repo/org/skyscreamer/jsonassert/1.5.0/jsonassert-1.5.0.jar:/opt/maven/maven-3.8.1/repository/springboot-demo-repo/com/vaadin/external/google/android-json/0.0.20131108.vaadin1/android-json-0.0.20131108.vaadin1.jar:/opt/maven/maven-3.8.1/repository/springboot-demo-repo/org/springframework/spring-core/5.3.5/spring-core-5.3.5.jar:/opt/maven/maven-3.8.1/repository/springboot-demo-repo/org/springframework/spring-jcl/5.3.5/spring-jcl-5.3.5.jar:/opt/maven/maven-3.8.1/repository/springboot-demo-repo/org/springframework/spring-test/5.3.5/spring-test-5.3.5.jar:/opt/maven/maven-3.8.1/repository/springboot-demo-repo/org/xmlunit/xmlunit-core/2.7.0/xmlunit-core-2.7.0.jar:/opt/maven/maven-3.8.1/repository/springboot-demo-repo/org/projectlombok/lombok/1.18.18/lombok-1.18.18.jar:/opt/maven/maven-3.8.1/repository/springboot-demo-repo/org/apache/rocketmq/rocketmq-tools/4.3.0/rocketmq-tools-4.3.0.jar:/opt/maven/maven-3.8.1/repository/springboot-demo-repo/org/apache/rocketmq/rocketmq-client/4.3.0/rocketmq-client-4.3.0.jar:/opt/maven/maven-3.8.1/repository/springboot-demo-repo/org/apache/rocketmq/rocketmq-store/4.3.0/rocketmq-store-4.3.0.jar:/opt/maven/maven-3.8.1/repository/springboot-demo-repo/net/java/dev/jna/jna/4.2.2/jna-4.2.2.jar:/opt/maven/maven-3.8.1/repository/springboot-demo-repo/org/apache/rocketmq/rocketmq-srvutil/4.3.0/rocketmq-srvutil-4.3.0.jar:/opt/maven/maven-3.8.1/repository/springboot-demo-repo/commons-cli/commons-cli/1.2/commons-cli-1.2.jar:/opt/maven/maven-3.8.1/repository/springboot-demo-repo/com/google/guava/guava/19.0/guava-19.0.jar:/opt/maven/maven-3.8.1/repository/springboot-demo-repo/com/alibaba/fastjson/1.2.29/fastjson-1.2.29.jar:/opt/maven/maven-3.8.1/repository/springboot-demo-repo/ch/qos/logback/logback-classic/1.2.3/logback-classic-1.2.3.jar:/opt/maven/maven-3.8.1/repository/springboot-demo-repo/ch/qos/logback/logback-core/1.2.3/logback-core-1.2.3.jar:/opt/maven/maven-3.8.1/repository/springboot-demo-repo/org/apache/commons/commons-lang3/3.11/commons-lang3-3.11.jar:/opt/maven/maven-3.8.1/repository/springboot-demo-repo/org/apache/rocketmq/rocketmq-namesrv/4.3.0/rocketmq-namesrv-4.3.0.jar:/opt/maven/maven-3.8.1/repository/springboot-demo-repo/org/slf4j/slf4j-api/1.7.30/slf4j-api-1.7.30.jar:/opt/maven/maven-3.8.1/repository/springboot-demo-repo/org/apache/rocketmq/rocketmq-broker/4.3.0/rocketmq-broker-4.3.0.jar:/opt/maven/maven-3.8.1/repository/springboot-demo-repo/org/apache/rocketmq/rocketmq-common/4.3.0/rocketmq-common-4.3.0.jar:/opt/maven/maven-3.8.1/repository/springboot-demo-repo/org/apache/rocketmq/rocketmq-remoting/4.3.0/rocketmq-remoting-4.3.0.jar:/opt/maven/maven-3.8.1/repository/springboot-demo-repo/io/netty/netty-all/4.1.60.Final/netty-all-4.1.60.Final.jar:/opt/maven/maven-3.8.1/repository/springboot-demo-repo/org/apache/rocketmq/rocketmq-logging/4.3.0/rocketmq-logging-4.3.0.jar:/opt/maven/maven-3.8.1/repository/springboot-demo-repo/io/netty/netty-tcnative-boringssl-static/2.0.36.Final/netty-tcnative-boringssl-static-2.0.36.Final.jar:/opt/maven/maven-3.8.1/repository/springboot-demo-repo/org/apache/rocketmq/rocketmq-filter/4.3.0/rocketmq-filter-4.3.0.jar:/opt/maven/maven-3.8.1/repository/springboot-demo-repo/org/javassist/javassist/3.20.0-GA/javassist-3.20.0-GA.jar:"/>
    <property name="sun.cpu.endian" value="little"/>
    <property name="user.home" value="/Users/chenxii"/>
    <property name="user.language" value="en"/>
    <property name="java.specification.vendor" value="Oracle Corporation"/>
    <property name="java.version.date" value="2021-04-20"/>
    <property name="java.home" value="/opt/java/jdk-11.0.11/Contents/Home"/>
    <property name="file.separator" value="/"/>
    <property name="basedir" value="/Users/chenxii/Documents/Java/springboot-demo"/>
    <property name="java.vm.compressedOopsMode" value="Zero based"/>
    <property name="line.separator" value="&#10;"/>
    <property name="java.specification.name" value="Java Platform API Specification"/>
    <property name="java.vm.specification.vendor" value="Oracle Corporation"/>
    <property name="java.awt.graphicsenv" value="sun.awt.CGraphicsEnvironment"/>
    <property name="surefire.real.class.path" value="/Users/chenxii/Documents/Java/springboot-demo/target/surefire/surefirebooter5112657178544780214.jar"/>
    <property name="sun.management.compiler" value="HotSpot 64-Bit Tiered Compilers"/>
    <property name="java.runtime.version" value="11.0.11+9-LTS-194"/>
    <property name="user.name" value="chenxii"/>
    <property name="path.separator" value=":"/>
    <property name="os.version" value="10.15.7"/>
    <property name="java.runtime.name" value="Java(TM) SE Runtime Environment"/>
    <property name="file.encoding" value="UTF-8"/>
    <property name="java.vm.name" value="Java HotSpot(TM) 64-Bit Server VM"/>
    <property name="java.vendor.version" value="18.9"/>
    <property name="localRepository" value="/opt/maven/maven-3.8.1/repository/springboot-demo-repo"/>
    <property name="java.vendor.url.bug" value="https://bugreport.java.com/bugreport/"/>
    <property name="java.io.tmpdir" value="/var/folders/vr/l1tsjvsx29g8_k9pj3n8nmxm0000gn/T/"/>
    <property name="idea.version" value="2020.2.3"/>
    <property name="java.version" value="11.0.11"/>
    <property name="user.dir" value="/Users/chenxii/Documents/Java/springboot-demo"/>
    <property name="os.arch" value="x86_64"/>
    <property name="java.vm.specification.name" value="Java Virtual Machine Specification"/>
    <property name="java.awt.printerjob" value="sun.lwawt.macosx.CPrinterJob"/>
    <property name="sun.os.patch.level" value="unknown"/>
    <property name="java.library.path" value="/Users/chenxii/Library/Java/Extensions:/Library/Java/Extensions:/Network/Library/Java/Extensions:/System/Library/Java/Extensions:/usr/lib/java:."/>
    <property name="java.vendor" value="Oracle Corporation"/>
    <property name="java.vm.info" value="mixed mode"/>
    <property name="java.vm.version" value="11.0.11+9-LTS-194"/>
    <property name="sun.io.unicode.encoding" value="UnicodeBig"/>
    <property name="maven.repo.local" value="/opt/maven/maven-3.8.1/repository/springboot-demo-repo"/>
    <property name="java.class.version" value="55.0"/>
  </properties>
  <testcase name="contextLoads" classname="com.vps.demo.DemoApplicationTests" time="0.351"/>
</testsuite>